<?xml version="1.0" encoding="UTF-8"?>
<testng-results skipped="0" failed="0" total="1" passed="1">
  <reporter-output>
  </reporter-output>
  <suite name="Selion Test" duration-ms="13103" started-at="2020-11-15T15:40:01Z" finished-at="2020-11-15T15:40:14Z">
    <groups>
    </groups>
    <test name="SampleTest" duration-ms="13103" started-at="2020-11-15T15:40:01Z" finished-at="2020-11-15T15:40:14Z">
      <class name="Tests.LoginTest">
        <test-method status="PASS" signature="DemoTest1()[pri:0, instance:Tests.LoginTest@77e4c80f]" name="DemoTest1" duration-ms="12214" started-at="2020-11-15T21:10:01Z" finished-at="2020-11-15T21:10:13Z">
          <reporter-output>
          </reporter-output>
        </test-method> <!-- DemoTest1 -->
      </class> <!-- Tests.LoginTest -->
    </test> <!-- SampleTest -->
  </suite> <!-- Selion Test -->
</testng-results>
